[2020-10-19 11:15:56,407 INFO] Building Task: 'seq2seq' ...
[2020-10-19 11:15:56,407 INFO] The construction of Task is complete.
[2020-10-19 11:15:56,407 INFO] Building Ancillary Datasets ...
[2020-10-19 11:15:56,408 INFO] Building vocabularies ...
[2020-10-19 11:15:56,408 INFO]  * ['Source'] side
[2020-10-19 11:15:56,408 INFO]    corpus: Corpora/wmt16.en-ro.en
[2020-10-19 11:15:56,408 INFO]    language: 'en'
[2020-10-19 11:16:03,670 INFO] Building Task: 'seq2seq' ...
[2020-10-19 11:16:03,670 INFO] The construction of Task is complete.
[2020-10-19 11:16:03,670 INFO] Building Ancillary Datasets ...
[2020-10-19 11:16:03,670 INFO] Building vocabularies ...
[2020-10-19 11:16:03,670 INFO]  * ['Source'] side
[2020-10-19 11:16:03,670 INFO]    corpus: Corpora/wmt16.en-ro.en
[2020-10-19 11:16:03,670 INFO]    language: 'en'
[2020-10-19 11:16:09,337 INFO] Building Task: 'seq2seq' ...
[2020-10-19 11:16:09,338 INFO] The construction of Task is complete.
[2020-10-19 11:16:09,338 INFO] Building Ancillary Datasets ...
[2020-10-19 11:16:09,338 INFO] Building vocabularies ...
[2020-10-19 11:16:09,338 INFO]  * ['Source'] side
[2020-10-19 11:16:09,338 INFO]    corpus: Corpora/wmt16.en-ro.en
[2020-10-19 11:16:09,338 INFO]    language: 'en'
[2020-10-19 11:16:17,938 INFO] Building Task: 'seq2seq' ...
[2020-10-19 11:16:17,938 INFO] The construction of Task is complete.
[2020-10-19 11:16:17,938 INFO] Building Ancillary Datasets ...
[2020-10-19 11:16:17,938 INFO] Building vocabularies ...
[2020-10-19 11:16:17,938 INFO]  * ['Source'] side
[2020-10-19 11:16:17,938 INFO]    corpus: Corpora/wmt16.en-ro.en
[2020-10-19 11:16:17,938 INFO]    language: 'en'
